{"D:\\work\\enigma\\materi\\smm\\expo-todo-list\\src\\navigation\\NavigationHelper.js": {"path":"D:\\work\\enigma\\materi\\smm\\expo-todo-list\\src\\navigation\\NavigationHelper.js","statementMap":{"0":{"start":{"line":4,"column":4},"end":{"line":4,"column":56}}},"fnMap":{"0":{"name":"goToScreen","decl":{"start":{"line":3,"column":16},"end":{"line":3,"column":26}},"loc":{"start":{"line":3,"column":49},"end":{"line":5,"column":1}},"line":3}},"branchMap":{},"s":{"0":1},"f":{"0":1},"b":{},"_coverageSchema":"1a1c01bbd47fc00a2c39e90264f33305004495a9","hash":"12ced445d2837e07dfd6f14192a289fb171279b0"}
,"D:\\work\\enigma\\materi\\smm\\expo-todo-list\\src\\navigation\\NavigationPath.js": {"path":"D:\\work\\enigma\\materi\\smm\\expo-todo-list\\src\\navigation\\NavigationPath.js","statementMap":{"0":{"start":{"line":1,"column":27},"end":{"line":1,"column":35}},"1":{"start":{"line":2,"column":26},"end":{"line":2,"column":33}},"2":{"start":{"line":3,"column":25},"end":{"line":3,"column":31}}},"fnMap":{},"branchMap":{},"s":{"0":4,"1":4,"2":4},"f":{},"b":{},"_coverageSchema":"1a1c01bbd47fc00a2c39e90264f33305004495a9","hash":"880a153a1d44701ba3c723311bdb0e1729394a51"}
,"D:\\work\\enigma\\materi\\smm\\expo-todo-list\\src\\navigation\\RootNavigation.js": {"path":"D:\\work\\enigma\\materi\\smm\\expo-todo-list\\src\\navigation\\RootNavigation.js","statementMap":{"0":{"start":{"line":3,"column":29},"end":{"line":3,"column":59}},"1":{"start":{"line":6,"column":4},"end":{"line":12,"column":5}},"2":{"start":{"line":7,"column":8},"end":{"line":11,"column":9}},"3":{"start":{"line":8,"column":12},"end":{"line":8,"column":70}},"4":{"start":{"line":10,"column":12},"end":{"line":10,"column":49}}},"fnMap":{"0":{"name":"navigate","decl":{"start":{"line":5,"column":16},"end":{"line":5,"column":24}},"loc":{"start":{"line":5,"column":58},"end":{"line":13,"column":1}},"line":5}},"branchMap":{"0":{"loc":{"start":{"line":5,"column":39},"end":{"line":5,"column":56}},"type":"default-arg","locations":[{"start":{"line":5,"column":51},"end":{"line":5,"column":56}}],"line":5},"1":{"loc":{"start":{"line":6,"column":4},"end":{"line":12,"column":5}},"type":"if","locations":[{"start":{"line":6,"column":4},"end":{"line":12,"column":5}},{"start":{},"end":{}}],"line":6},"2":{"loc":{"start":{"line":7,"column":8},"end":{"line":11,"column":9}},"type":"if","locations":[{"start":{"line":7,"column":8},"end":{"line":11,"column":9}},{"start":{"line":9,"column":15},"end":{"line":11,"column":9}}],"line":7}},"s":{"0":2,"1":2,"2":2,"3":1,"4":1},"f":{"0":2},"b":{"0":[0],"1":[2,0],"2":[1,1]},"_coverageSchema":"1a1c01bbd47fc00a2c39e90264f33305004495a9","hash":"a1257e5618d8444c49809eccdd54f86872caf6ac"}
,"D:\\work\\enigma\\materi\\smm\\expo-todo-list\\src\\navigation\\RootNavigator.js": {"path":"D:\\work\\enigma\\materi\\smm\\expo-todo-list\\src\\navigation\\RootNavigator.js","statementMap":{"0":{"start":{"line":16,"column":14},"end":{"line":16,"column":42}},"1":{"start":{"line":18,"column":22},"end":{"line":40,"column":1}},"2":{"start":{"line":19,"column":4},"end":{"line":39,"column":26}},"3":{"start":{"line":23,"column":26},"end":{"line":23,"column":86}},"4":{"start":{"line":23,"column":63},"end":{"line":23,"column":82}},"5":{"start":{"line":26,"column":50},"end":{"line":32,"column":17}},"6":{"start":{"line":31,"column":39},"end":{"line":31,"column":75}},"7":{"start":{"line":35,"column":30},"end":{"line":35,"column":86}},"8":{"start":{"line":35,"column":65},"end":{"line":35,"column":82}}},"fnMap":{"0":{"name":"(anonymous_0)","decl":{"start":{"line":18,"column":22},"end":{"line":18,"column":23}},"loc":{"start":{"line":18,"column":28},"end":{"line":40,"column":1}},"line":18},"1":{"name":"(anonymous_1)","decl":{"start":{"line":23,"column":17},"end":{"line":23,"column":18}},"loc":{"start":{"line":23,"column":26},"end":{"line":23,"column":86}},"line":23},"2":{"name":"(anonymous_2)","decl":{"start":{"line":23,"column":57},"end":{"line":23,"column":58}},"loc":{"start":{"line":23,"column":63},"end":{"line":23,"column":82}},"line":23},"3":{"name":"(anonymous_3)","decl":{"start":{"line":26,"column":31},"end":{"line":26,"column":32}},"loc":{"start":{"line":26,"column":50},"end":{"line":32,"column":17}},"line":26},"4":{"name":"(anonymous_4)","decl":{"start":{"line":31,"column":33},"end":{"line":31,"column":34}},"loc":{"start":{"line":31,"column":39},"end":{"line":31,"column":75}},"line":31},"5":{"name":"(anonymous_5)","decl":{"start":{"line":35,"column":21},"end":{"line":35,"column":22}},"loc":{"start":{"line":35,"column":30},"end":{"line":35,"column":86}},"line":35},"6":{"name":"(anonymous_6)","decl":{"start":{"line":35,"column":59},"end":{"line":35,"column":60}},"loc":{"start":{"line":35,"column":65},"end":{"line":35,"column":82}},"line":35}},"branchMap":{},"s":{"0":1,"1":1,"2":1,"3":0,"4":0,"5":0,"6":0,"7":0,"8":0},"f":{"0":1,"1":0,"2":0,"3":0,"4":0,"5":0,"6":0},"b":{},"_coverageSchema":"1a1c01bbd47fc00a2c39e90264f33305004495a9","hash":"b173daad24c05de411aa17186b4b857ccc2dd922"}
,"D:\\work\\enigma\\materi\\smm\\expo-todo-list\\src\\screens\\LoginScreen\\Login.js": {"path":"D:\\work\\enigma\\materi\\smm\\expo-todo-list\\src\\screens\\LoginScreen\\Login.js","statementMap":{"0":{"start":{"line":7,"column":21},"end":{"line":28,"column":1}},"1":{"start":{"line":8,"column":21},"end":{"line":8,"column":34}},"2":{"start":{"line":9,"column":31},"end":{"line":9,"column":40}},"3":{"start":{"line":10,"column":27},"end":{"line":21,"column":5}},"4":{"start":{"line":11,"column":8},"end":{"line":20,"column":9}},"5":{"start":{"line":12,"column":12},"end":{"line":12,"column":40}},"6":{"start":{"line":13,"column":12},"end":{"line":13,"column":52}},"7":{"start":{"line":14,"column":12},"end":{"line":14,"column":48}},"8":{"start":{"line":15,"column":12},"end":{"line":15,"column":40}},"9":{"start":{"line":17,"column":12},"end":{"line":17,"column":43}},"10":{"start":{"line":19,"column":12},"end":{"line":19,"column":41}},"11":{"start":{"line":23,"column":27},"end":{"line":23,"column":56}},"12":{"start":{"line":23,"column":33},"end":{"line":23,"column":56}},"13":{"start":{"line":24,"column":4},"end":{"line":27,"column":6}}},"fnMap":{"0":{"name":"(anonymous_0)","decl":{"start":{"line":7,"column":21},"end":{"line":7,"column":22}},"loc":{"start":{"line":7,"column":34},"end":{"line":28,"column":1}},"line":7},"1":{"name":"(anonymous_1)","decl":{"start":{"line":10,"column":27},"end":{"line":10,"column":28}},"loc":{"start":{"line":10,"column":54},"end":{"line":21,"column":5}},"line":10},"2":{"name":"(anonymous_2)","decl":{"start":{"line":23,"column":27},"end":{"line":23,"column":28}},"loc":{"start":{"line":23,"column":33},"end":{"line":23,"column":56}},"line":23}},"branchMap":{},"s":{"0":2,"1":1,"2":1,"3":1,"4":1,"5":1,"6":1,"7":1,"8":1,"9":0,"10":1,"11":1,"12":1,"13":1},"f":{"0":1,"1":1,"2":1},"b":{},"_coverageSchema":"1a1c01bbd47fc00a2c39e90264f33305004495a9","hash":"b737afb2590bfe825882fa63596bedb939c18190"}
,"D:\\work\\enigma\\materi\\smm\\expo-todo-list\\src\\screens\\LoginScreen\\LoginScreen.js": {"path":"D:\\work\\enigma\\materi\\smm\\expo-todo-list\\src\\screens\\LoginScreen\\LoginScreen.js","statementMap":{"0":{"start":{"line":10,"column":20},"end":{"line":39,"column":1}},"1":{"start":{"line":11,"column":45},"end":{"line":11,"column":52}},"2":{"start":{"line":13,"column":30},"end":{"line":13,"column":42}},"3":{"start":{"line":14,"column":36},"end":{"line":14,"column":48}},"4":{"start":{"line":15,"column":18},"end":{"line":15,"column":64}},"5":{"start":{"line":15,"column":41},"end":{"line":15,"column":63}},"6":{"start":{"line":17,"column":4},"end":{"line":21,"column":6}},"7":{"start":{"line":18,"column":8},"end":{"line":20,"column":9}},"8":{"start":{"line":19,"column":12},"end":{"line":19,"column":75}},"9":{"start":{"line":19,"column":45},"end":{"line":19,"column":61}},"10":{"start":{"line":23,"column":24},"end":{"line":25,"column":5}},"11":{"start":{"line":24,"column":8},"end":{"line":24,"column":39}},"12":{"start":{"line":27,"column":4},"end":{"line":38,"column":6}},"13":{"start":{"line":41,"column":15},"end":{"line":61,"column":2}}},"fnMap":{"0":{"name":"(anonymous_0)","decl":{"start":{"line":10,"column":20},"end":{"line":10,"column":21}},"loc":{"start":{"line":10,"column":33},"end":{"line":39,"column":1}},"line":10},"1":{"name":"(anonymous_1)","decl":{"start":{"line":15,"column":30},"end":{"line":15,"column":31}},"loc":{"start":{"line":15,"column":41},"end":{"line":15,"column":63}},"line":15},"2":{"name":"(anonymous_2)","decl":{"start":{"line":17,"column":14},"end":{"line":17,"column":15}},"loc":{"start":{"line":17,"column":20},"end":{"line":21,"column":5}},"line":17},"3":{"name":"(anonymous_3)","decl":{"start":{"line":19,"column":39},"end":{"line":19,"column":40}},"loc":{"start":{"line":19,"column":45},"end":{"line":19,"column":61}},"line":19},"4":{"name":"(anonymous_4)","decl":{"start":{"line":23,"column":24},"end":{"line":23,"column":25}},"loc":{"start":{"line":23,"column":36},"end":{"line":25,"column":5}},"line":23}},"branchMap":{"0":{"loc":{"start":{"line":18,"column":8},"end":{"line":20,"column":9}},"type":"if","locations":[{"start":{"line":18,"column":8},"end":{"line":20,"column":9}},{"start":{},"end":{}}],"line":18}},"s":{"0":2,"1":2,"2":2,"3":2,"4":2,"5":0,"6":2,"7":2,"8":1,"9":0,"10":2,"11":0,"12":2,"13":2},"f":{"0":2,"1":0,"2":2,"3":0,"4":0},"b":{"0":[1,1]},"_coverageSchema":"1a1c01bbd47fc00a2c39e90264f33305004495a9","hash":"6cdc6cc1cb1dada917e672c3dc5d273ff4c28501"}
,"D:\\work\\enigma\\materi\\smm\\expo-todo-list\\src\\screens\\SplashScreen\\SplashScreen.js": {"path":"D:\\work\\enigma\\materi\\smm\\expo-todo-list\\src\\screens\\SplashScreen\\SplashScreen.js","statementMap":{"0":{"start":{"line":10,"column":21},"end":{"line":27,"column":5}},"1":{"start":{"line":11,"column":21},"end":{"line":11,"column":34}},"2":{"start":{"line":13,"column":8},"end":{"line":20,"column":10}},"3":{"start":{"line":14,"column":12},"end":{"line":19,"column":20}},"4":{"start":{"line":15,"column":35},"end":{"line":15,"column":74}},"5":{"start":{"line":16,"column":36},"end":{"line":16,"column":71}},"6":{"start":{"line":17,"column":16},"end":{"line":17,"column":46}},"7":{"start":{"line":18,"column":16},"end":{"line":18,"column":45}},"8":{"start":{"line":22,"column":8},"end":{"line":26,"column":10}},"9":{"start":{"line":30,"column":15},"end":{"line":36,"column":2}}},"fnMap":{"0":{"name":"(anonymous_0)","decl":{"start":{"line":10,"column":21},"end":{"line":10,"column":22}},"loc":{"start":{"line":10,"column":27},"end":{"line":27,"column":5}},"line":10},"1":{"name":"(anonymous_1)","decl":{"start":{"line":13,"column":18},"end":{"line":13,"column":19}},"loc":{"start":{"line":13,"column":24},"end":{"line":20,"column":9}},"line":13},"2":{"name":"(anonymous_2)","decl":{"start":{"line":14,"column":23},"end":{"line":14,"column":24}},"loc":{"start":{"line":14,"column":35},"end":{"line":19,"column":13}},"line":14}},"branchMap":{"0":{"loc":{"start":{"line":16,"column":36},"end":{"line":16,"column":71}},"type":"cond-expr","locations":[{"start":{"line":16,"column":49},"end":{"line":16,"column":58}},{"start":{"line":16,"column":61},"end":{"line":16,"column":71}}],"line":16}},"s":{"0":2,"1":5,"2":5,"3":4,"4":3,"5":3,"6":3,"7":3,"8":4,"9":2},"f":{"0":5,"1":4,"2":3},"b":{"0":[2,1]},"_coverageSchema":"1a1c01bbd47fc00a2c39e90264f33305004495a9","hash":"872b3c6bce3b488cfa84279949a90ed63e56e77c"}
,"D:\\work\\enigma\\materi\\smm\\expo-todo-list\\src\\screens\\TodoScreen\\ToDoScreen.js": {"path":"D:\\work\\enigma\\materi\\smm\\expo-todo-list\\src\\screens\\TodoScreen\\ToDoScreen.js","statementMap":{"0":{"start":{"line":12,"column":19},"end":{"line":61,"column":1}},"1":{"start":{"line":13,"column":21},"end":{"line":13,"column":34}},"2":{"start":{"line":14,"column":86},"end":{"line":14,"column":92}},"3":{"start":{"line":15,"column":36},"end":{"line":15,"column":48}},"4":{"start":{"line":16,"column":18},"end":{"line":16,"column":64}},"5":{"start":{"line":16,"column":41},"end":{"line":16,"column":63}},"6":{"start":{"line":17,"column":22},"end":{"line":17,"column":72}},"7":{"start":{"line":17,"column":45},"end":{"line":17,"column":71}},"8":{"start":{"line":19,"column":22},"end":{"line":21,"column":5}},"9":{"start":{"line":20,"column":8},"end":{"line":20,"column":37}},"10":{"start":{"line":23,"column":4},"end":{"line":28,"column":20}},"11":{"start":{"line":24,"column":8},"end":{"line":27,"column":9}},"12":{"start":{"line":25,"column":12},"end":{"line":25,"column":24}},"13":{"start":{"line":26,"column":12},"end":{"line":26,"column":42}},"14":{"start":{"line":31,"column":4},"end":{"line":35,"column":6}},"15":{"start":{"line":32,"column":8},"end":{"line":34,"column":9}},"16":{"start":{"line":33,"column":12},"end":{"line":33,"column":75}},"17":{"start":{"line":33,"column":45},"end":{"line":33,"column":61}},"18":{"start":{"line":37,"column":23},"end":{"line":39,"column":5}},"19":{"start":{"line":38,"column":8},"end":{"line":38,"column":42}},"20":{"start":{"line":41,"column":23},"end":{"line":43,"column":5}},"21":{"start":{"line":42,"column":8},"end":{"line":42,"column":35}},"22":{"start":{"line":45,"column":26},"end":{"line":47,"column":5}},"23":{"start":{"line":46,"column":8},"end":{"line":46,"column":40}},"24":{"start":{"line":49,"column":4},"end":{"line":60,"column":6}},"25":{"start":{"line":63,"column":15},"end":{"line":83,"column":2}}},"fnMap":{"0":{"name":"(anonymous_0)","decl":{"start":{"line":12,"column":19},"end":{"line":12,"column":20}},"loc":{"start":{"line":12,"column":31},"end":{"line":61,"column":1}},"line":12},"1":{"name":"(anonymous_1)","decl":{"start":{"line":16,"column":30},"end":{"line":16,"column":31}},"loc":{"start":{"line":16,"column":41},"end":{"line":16,"column":63}},"line":16},"2":{"name":"(anonymous_2)","decl":{"start":{"line":17,"column":34},"end":{"line":17,"column":35}},"loc":{"start":{"line":17,"column":45},"end":{"line":17,"column":71}},"line":17},"3":{"name":"(anonymous_3)","decl":{"start":{"line":19,"column":22},"end":{"line":19,"column":23}},"loc":{"start":{"line":19,"column":28},"end":{"line":21,"column":5}},"line":19},"4":{"name":"(anonymous_4)","decl":{"start":{"line":23,"column":14},"end":{"line":23,"column":15}},"loc":{"start":{"line":23,"column":20},"end":{"line":28,"column":5}},"line":23},"5":{"name":"(anonymous_5)","decl":{"start":{"line":31,"column":14},"end":{"line":31,"column":15}},"loc":{"start":{"line":31,"column":20},"end":{"line":35,"column":5}},"line":31},"6":{"name":"(anonymous_6)","decl":{"start":{"line":33,"column":39},"end":{"line":33,"column":40}},"loc":{"start":{"line":33,"column":45},"end":{"line":33,"column":61}},"line":33},"7":{"name":"(anonymous_7)","decl":{"start":{"line":37,"column":23},"end":{"line":37,"column":24}},"loc":{"start":{"line":37,"column":29},"end":{"line":39,"column":5}},"line":37},"8":{"name":"(anonymous_8)","decl":{"start":{"line":41,"column":23},"end":{"line":41,"column":24}},"loc":{"start":{"line":41,"column":31},"end":{"line":43,"column":5}},"line":41},"9":{"name":"(anonymous_9)","decl":{"start":{"line":45,"column":26},"end":{"line":45,"column":27}},"loc":{"start":{"line":45,"column":36},"end":{"line":47,"column":5}},"line":45}},"branchMap":{"0":{"loc":{"start":{"line":24,"column":8},"end":{"line":27,"column":9}},"type":"if","locations":[{"start":{"line":24,"column":8},"end":{"line":27,"column":9}},{"start":{},"end":{}}],"line":24},"1":{"loc":{"start":{"line":32,"column":8},"end":{"line":34,"column":9}},"type":"if","locations":[{"start":{"line":32,"column":8},"end":{"line":34,"column":9}},{"start":{},"end":{}}],"line":32}},"s":{"0":2,"1":3,"2":3,"3":3,"4":3,"5":0,"6":3,"7":0,"8":3,"9":0,"10":3,"11":2,"12":0,"13":0,"14":3,"15":3,"16":0,"17":0,"18":3,"19":1,"20":3,"21":0,"22":3,"23":0,"24":3,"25":2},"f":{"0":3,"1":0,"2":0,"3":0,"4":2,"5":3,"6":0,"7":1,"8":0,"9":0},"b":{"0":[0,2],"1":[0,3]},"_coverageSchema":"1a1c01bbd47fc00a2c39e90264f33305004495a9","hash":"78cb21fe3f5a16ee4a79bcc6d1b9779adc194a46"}
,"D:\\work\\enigma\\materi\\smm\\expo-todo-list\\src\\screens\\TodoScreen\\Todo.js": {"path":"D:\\work\\enigma\\materi\\smm\\expo-todo-list\\src\\screens\\TodoScreen\\Todo.js","statementMap":{"0":{"start":{"line":7,"column":20},"end":{"line":75,"column":1}},"1":{"start":{"line":8,"column":21},"end":{"line":8,"column":34}},"2":{"start":{"line":9,"column":83},"end":{"line":9,"column":92}},"3":{"start":{"line":11,"column":25},"end":{"line":29,"column":5}},"4":{"start":{"line":12,"column":8},"end":{"line":28,"column":9}},"5":{"start":{"line":13,"column":12},"end":{"line":13,"column":40}},"6":{"start":{"line":14,"column":12},"end":{"line":16,"column":13}},"7":{"start":{"line":15,"column":16},"end":{"line":15,"column":65}},"8":{"start":{"line":17,"column":23},"end":{"line":20,"column":13}},"9":{"start":{"line":22,"column":12},"end":{"line":22,"column":39}},"10":{"start":{"line":23,"column":12},"end":{"line":23,"column":25}},"11":{"start":{"line":25,"column":12},"end":{"line":25,"column":43}},"12":{"start":{"line":27,"column":12},"end":{"line":27,"column":41}},"13":{"start":{"line":31,"column":23},"end":{"line":41,"column":5}},"14":{"start":{"line":32,"column":8},"end":{"line":40,"column":9}},"15":{"start":{"line":33,"column":12},"end":{"line":33,"column":40}},"16":{"start":{"line":34,"column":26},"end":{"line":34,"column":48}},"17":{"start":{"line":35,"column":12},"end":{"line":35,"column":36}},"18":{"start":{"line":37,"column":12},"end":{"line":37,"column":43}},"19":{"start":{"line":39,"column":12},"end":{"line":39,"column":41}},"20":{"start":{"line":43,"column":25},"end":{"line":53,"column":5}},"21":{"start":{"line":44,"column":8},"end":{"line":52,"column":9}},"22":{"start":{"line":45,"column":12},"end":{"line":45,"column":40}},"23":{"start":{"line":46,"column":12},"end":{"line":46,"column":40}},"24":{"start":{"line":47,"column":12},"end":{"line":47,"column":25}},"25":{"start":{"line":49,"column":12},"end":{"line":49,"column":43}},"26":{"start":{"line":51,"column":12},"end":{"line":51,"column":41}},"27":{"start":{"line":55,"column":28},"end":{"line":65,"column":5}},"28":{"start":{"line":56,"column":8},"end":{"line":64,"column":9}},"29":{"start":{"line":57,"column":12},"end":{"line":57,"column":40}},"30":{"start":{"line":58,"column":12},"end":{"line":58,"column":42}},"31":{"start":{"line":59,"column":12},"end":{"line":59,"column":25}},"32":{"start":{"line":61,"column":12},"end":{"line":61,"column":43}},"33":{"start":{"line":63,"column":12},"end":{"line":63,"column":41}},"34":{"start":{"line":67,"column":27},"end":{"line":67,"column":56}},"35":{"start":{"line":67,"column":33},"end":{"line":67,"column":56}},"36":{"start":{"line":68,"column":4},"end":{"line":74,"column":6}}},"fnMap":{"0":{"name":"(anonymous_0)","decl":{"start":{"line":7,"column":20},"end":{"line":7,"column":21}},"loc":{"start":{"line":7,"column":33},"end":{"line":75,"column":1}},"line":7},"1":{"name":"(anonymous_1)","decl":{"start":{"line":11,"column":25},"end":{"line":11,"column":26}},"loc":{"start":{"line":11,"column":56},"end":{"line":29,"column":5}},"line":11},"2":{"name":"(anonymous_2)","decl":{"start":{"line":31,"column":23},"end":{"line":31,"column":24}},"loc":{"start":{"line":31,"column":35},"end":{"line":41,"column":5}},"line":31},"3":{"name":"(anonymous_3)","decl":{"start":{"line":43,"column":25},"end":{"line":43,"column":26}},"loc":{"start":{"line":43,"column":50},"end":{"line":53,"column":5}},"line":43},"4":{"name":"(anonymous_4)","decl":{"start":{"line":55,"column":28},"end":{"line":55,"column":29}},"loc":{"start":{"line":55,"column":55},"end":{"line":65,"column":5}},"line":55},"5":{"name":"(anonymous_5)","decl":{"start":{"line":67,"column":27},"end":{"line":67,"column":28}},"loc":{"start":{"line":67,"column":33},"end":{"line":67,"column":56}},"line":67}},"branchMap":{"0":{"loc":{"start":{"line":14,"column":12},"end":{"line":16,"column":13}},"type":"if","locations":[{"start":{"line":14,"column":12},"end":{"line":16,"column":13}},{"start":{},"end":{}}],"line":14}},"s":{"0":2,"1":1,"2":1,"3":1,"4":2,"5":2,"6":2,"7":1,"8":1,"9":1,"10":1,"11":1,"12":2,"13":1,"14":1,"15":1,"16":1,"17":1,"18":0,"19":1,"20":1,"21":1,"22":1,"23":1,"24":1,"25":0,"26":1,"27":1,"28":1,"29":1,"30":1,"31":1,"32":0,"33":1,"34":1,"35":1,"36":1},"f":{"0":1,"1":2,"2":1,"3":1,"4":1,"5":1},"b":{"0":[1,1]},"_coverageSchema":"1a1c01bbd47fc00a2c39e90264f33305004495a9","hash":"1912aa0fe075b1b98de9db0a3879f01be6f05e98"}
,"D:\\work\\enigma\\materi\\smm\\expo-todo-list\\src\\screens\\TodoScreen\\components\\TabBar.js": {"path":"D:\\work\\enigma\\materi\\smm\\expo-todo-list\\src\\screens\\TodoScreen\\components\\TabBar.js","statementMap":{"0":{"start":{"line":8,"column":15},"end":{"line":22,"column":1}},"1":{"start":{"line":9,"column":21},"end":{"line":9,"column":34}},"2":{"start":{"line":10,"column":21},"end":{"line":10,"column":65}},"3":{"start":{"line":10,"column":42},"end":{"line":10,"column":64}},"4":{"start":{"line":12,"column":22},"end":{"line":14,"column":5}},"5":{"start":{"line":13,"column":8},"end":{"line":13,"column":36}},"6":{"start":{"line":16,"column":4},"end":{"line":21,"column":16}},"7":{"start":{"line":24,"column":15},"end":{"line":31,"column":2}}},"fnMap":{"0":{"name":"(anonymous_0)","decl":{"start":{"line":8,"column":15},"end":{"line":8,"column":16}},"loc":{"start":{"line":8,"column":21},"end":{"line":22,"column":1}},"line":8},"1":{"name":"(anonymous_1)","decl":{"start":{"line":10,"column":33},"end":{"line":10,"column":34}},"loc":{"start":{"line":10,"column":42},"end":{"line":10,"column":64}},"line":10},"2":{"name":"(anonymous_2)","decl":{"start":{"line":12,"column":22},"end":{"line":12,"column":23}},"loc":{"start":{"line":12,"column":33},"end":{"line":14,"column":5}},"line":12}},"branchMap":{},"s":{"0":3,"1":5,"2":5,"3":0,"4":5,"5":1,"6":5,"7":3},"f":{"0":5,"1":0,"2":1},"b":{},"_coverageSchema":"1a1c01bbd47fc00a2c39e90264f33305004495a9","hash":"af571a8f87e3516f94782ec3c16b8e422f3394a7"}
,"D:\\work\\enigma\\materi\\smm\\expo-todo-list\\src\\screens\\TodoScreen\\components\\ToDo.js": {"path":"D:\\work\\enigma\\materi\\smm\\expo-todo-list\\src\\screens\\TodoScreen\\components\\ToDo.js","statementMap":{"0":{"start":{"line":6,"column":13},"end":{"line":22,"column":1}},"1":{"start":{"line":7,"column":4},"end":{"line":21,"column":5}},"2":{"start":{"line":15,"column":35},"end":{"line":15,"column":52}},"3":{"start":{"line":18,"column":35},"end":{"line":18,"column":52}},"4":{"start":{"line":24,"column":15},"end":{"line":57,"column":2}}},"fnMap":{"0":{"name":"(anonymous_0)","decl":{"start":{"line":6,"column":13},"end":{"line":6,"column":14}},"loc":{"start":{"line":6,"column":48},"end":{"line":22,"column":1}},"line":6},"1":{"name":"(anonymous_1)","decl":{"start":{"line":15,"column":29},"end":{"line":15,"column":30}},"loc":{"start":{"line":15,"column":35},"end":{"line":15,"column":52}},"line":15},"2":{"name":"(anonymous_2)","decl":{"start":{"line":18,"column":29},"end":{"line":18,"column":30}},"loc":{"start":{"line":18,"column":35},"end":{"line":18,"column":52}},"line":18}},"branchMap":{"0":{"loc":{"start":{"line":9,"column":43},"end":{"line":9,"column":89}},"type":"cond-expr","locations":[{"start":{"line":9,"column":59},"end":{"line":9,"column":82}},{"start":{"line":9,"column":85},"end":{"line":9,"column":89}}],"line":9}},"s":{"0":4,"1":4,"2":1,"3":1,"4":4},"f":{"0":4,"1":1,"2":1},"b":{"0":[0,4]},"_coverageSchema":"1a1c01bbd47fc00a2c39e90264f33305004495a9","hash":"ef5fd66bc4457e4ffad0eb8a14d9f28dfba0415c"}
,"D:\\work\\enigma\\materi\\smm\\expo-todo-list\\src\\screens\\TodoScreen\\components\\ToDoList.js": {"path":"D:\\work\\enigma\\materi\\smm\\expo-todo-list\\src\\screens\\TodoScreen\\components\\ToDoList.js","statementMap":{"0":{"start":{"line":8,"column":17},"end":{"line":32,"column":1}},"1":{"start":{"line":9,"column":18},"end":{"line":9,"column":62}},"2":{"start":{"line":9,"column":39},"end":{"line":9,"column":61}},"3":{"start":{"line":10,"column":17},"end":{"line":10,"column":61}},"4":{"start":{"line":10,"column":38},"end":{"line":10,"column":60}},"5":{"start":{"line":12,"column":28},"end":{"line":20,"column":11}},"6":{"start":{"line":13,"column":8},"end":{"line":20,"column":9}},"7":{"start":{"line":15,"column":16},"end":{"line":15,"column":28}},"8":{"start":{"line":17,"column":16},"end":{"line":17,"column":54}},"9":{"start":{"line":17,"column":43},"end":{"line":17,"column":53}},"10":{"start":{"line":19,"column":16},"end":{"line":19,"column":55}},"11":{"start":{"line":19,"column":43},"end":{"line":19,"column":54}},"12":{"start":{"line":21,"column":26},"end":{"line":21,"column":54}},"13":{"start":{"line":23,"column":4},"end":{"line":31,"column":5}},"14":{"start":{"line":26,"column":36},"end":{"line":26,"column":101}},"15":{"start":{"line":27,"column":34},"end":{"line":27,"column":41}}},"fnMap":{"0":{"name":"(anonymous_0)","decl":{"start":{"line":8,"column":17},"end":{"line":8,"column":18}},"loc":{"start":{"line":8,"column":46},"end":{"line":32,"column":1}},"line":8},"1":{"name":"(anonymous_1)","decl":{"start":{"line":9,"column":30},"end":{"line":9,"column":31}},"loc":{"start":{"line":9,"column":39},"end":{"line":9,"column":61}},"line":9},"2":{"name":"(anonymous_2)","decl":{"start":{"line":10,"column":29},"end":{"line":10,"column":30}},"loc":{"start":{"line":10,"column":38},"end":{"line":10,"column":60}},"line":10},"3":{"name":"(anonymous_3)","decl":{"start":{"line":12,"column":28},"end":{"line":12,"column":29}},"loc":{"start":{"line":12,"column":45},"end":{"line":20,"column":11}},"line":12},"4":{"name":"(anonymous_4)","decl":{"start":{"line":17,"column":36},"end":{"line":17,"column":37}},"loc":{"start":{"line":17,"column":43},"end":{"line":17,"column":53}},"line":17},"5":{"name":"(anonymous_5)","decl":{"start":{"line":19,"column":36},"end":{"line":19,"column":37}},"loc":{"start":{"line":19,"column":43},"end":{"line":19,"column":54}},"line":19},"6":{"name":"(anonymous_6)","decl":{"start":{"line":26,"column":24},"end":{"line":26,"column":25}},"loc":{"start":{"line":26,"column":36},"end":{"line":26,"column":101}},"line":26},"7":{"name":"(anonymous_7)","decl":{"start":{"line":27,"column":26},"end":{"line":27,"column":27}},"loc":{"start":{"line":27,"column":34},"end":{"line":27,"column":41}},"line":27}},"branchMap":{"0":{"loc":{"start":{"line":13,"column":8},"end":{"line":20,"column":9}},"type":"switch","locations":[{"start":{"line":14,"column":12},"end":{"line":15,"column":28}},{"start":{"line":16,"column":12},"end":{"line":17,"column":54}},{"start":{"line":18,"column":12},"end":{"line":19,"column":55}}],"line":13},"1":{"loc":{"start":{"line":28,"column":35},"end":{"line":28,"column":77}},"type":"cond-expr","locations":[{"start":{"line":28,"column":63},"end":{"line":28,"column":65}},{"start":{"line":28,"column":68},"end":{"line":28,"column":77}}],"line":28}},"s":{"0":3,"1":5,"2":0,"3":5,"4":0,"5":5,"6":5,"7":1,"8":0,"9":0,"10":0,"11":0,"12":5,"13":5,"14":1,"15":1},"f":{"0":5,"1":0,"2":0,"3":5,"4":0,"5":0,"6":1,"7":1},"b":{"0":[1,0,0],"1":[1,4]},"_coverageSchema":"1a1c01bbd47fc00a2c39e90264f33305004495a9","hash":"d2a3c22b194e7bd7a97775c1064b41f10c137b2e"}
,"D:\\work\\enigma\\materi\\smm\\expo-todo-list\\src\\services\\LoginService.js": {"path":"D:\\work\\enigma\\materi\\smm\\expo-todo-list\\src\\services\\LoginService.js","statementMap":{"0":{"start":{"line":4,"column":21},"end":{"line":26,"column":1}},"1":{"start":{"line":5,"column":24},"end":{"line":5,"column":33}},"2":{"start":{"line":6,"column":29},"end":{"line":22,"column":5}},"3":{"start":{"line":7,"column":8},"end":{"line":21,"column":9}},"4":{"start":{"line":8,"column":25},"end":{"line":15,"column":14}},"5":{"start":{"line":16,"column":12},"end":{"line":16,"column":37}},"6":{"start":{"line":17,"column":12},"end":{"line":17,"column":72}},"7":{"start":{"line":19,"column":12},"end":{"line":19,"column":27}},"8":{"start":{"line":20,"column":12},"end":{"line":20,"column":20}},"9":{"start":{"line":23,"column":4},"end":{"line":25,"column":5}}},"fnMap":{"0":{"name":"(anonymous_0)","decl":{"start":{"line":4,"column":21},"end":{"line":4,"column":22}},"loc":{"start":{"line":4,"column":27},"end":{"line":26,"column":1}},"line":4},"1":{"name":"(anonymous_1)","decl":{"start":{"line":6,"column":29},"end":{"line":6,"column":30}},"loc":{"start":{"line":6,"column":56},"end":{"line":22,"column":5}},"line":6}},"branchMap":{},"s":{"0":2,"1":1,"2":1,"3":1,"4":1,"5":1,"6":1,"7":0,"8":0,"9":1},"f":{"0":1,"1":1},"b":{},"_coverageSchema":"1a1c01bbd47fc00a2c39e90264f33305004495a9","hash":"8b4d51caefbb14684f19b606578d94e406e449fd"}
,"D:\\work\\enigma\\materi\\smm\\expo-todo-list\\src\\services\\TodoService.js": {"path":"D:\\work\\enigma\\materi\\smm\\expo-todo-list\\src\\services\\TodoService.js","statementMap":{"0":{"start":{"line":3,"column":20},"end":{"line":62,"column":1}},"1":{"start":{"line":4,"column":24},"end":{"line":4,"column":33}},"2":{"start":{"line":5,"column":27},"end":{"line":19,"column":5}},"3":{"start":{"line":6,"column":8},"end":{"line":18,"column":9}},"4":{"start":{"line":7,"column":12},"end":{"line":14,"column":15}},"5":{"start":{"line":16,"column":12},"end":{"line":16,"column":27}},"6":{"start":{"line":17,"column":12},"end":{"line":17,"column":20}},"7":{"start":{"line":21,"column":27},"end":{"line":31,"column":5}},"8":{"start":{"line":22,"column":8},"end":{"line":30,"column":9}},"9":{"start":{"line":23,"column":12},"end":{"line":26,"column":15}},"10":{"start":{"line":28,"column":12},"end":{"line":28,"column":27}},"11":{"start":{"line":29,"column":12},"end":{"line":29,"column":20}},"12":{"start":{"line":33,"column":30},"end":{"line":47,"column":5}},"13":{"start":{"line":34,"column":8},"end":{"line":46,"column":9}},"14":{"start":{"line":35,"column":12},"end":{"line":42,"column":14}},"15":{"start":{"line":44,"column":12},"end":{"line":44,"column":26}},"16":{"start":{"line":45,"column":12},"end":{"line":45,"column":19}},"17":{"start":{"line":49,"column":30},"end":{"line":59,"column":5}},"18":{"start":{"line":50,"column":8},"end":{"line":58,"column":9}},"19":{"start":{"line":51,"column":12},"end":{"line":54,"column":14}},"20":{"start":{"line":56,"column":12},"end":{"line":56,"column":26}},"21":{"start":{"line":57,"column":12},"end":{"line":57,"column":19}},"22":{"start":{"line":61,"column":4},"end":{"line":61,"column":81}}},"fnMap":{"0":{"name":"(anonymous_0)","decl":{"start":{"line":3,"column":20},"end":{"line":3,"column":21}},"loc":{"start":{"line":3,"column":26},"end":{"line":62,"column":1}},"line":3},"1":{"name":"(anonymous_1)","decl":{"start":{"line":5,"column":27},"end":{"line":5,"column":28}},"loc":{"start":{"line":5,"column":43},"end":{"line":19,"column":5}},"line":5},"2":{"name":"(anonymous_2)","decl":{"start":{"line":21,"column":27},"end":{"line":21,"column":28}},"loc":{"start":{"line":21,"column":39},"end":{"line":31,"column":5}},"line":21},"3":{"name":"(anonymous_3)","decl":{"start":{"line":33,"column":30},"end":{"line":33,"column":31}},"loc":{"start":{"line":33,"column":46},"end":{"line":47,"column":5}},"line":33},"4":{"name":"(anonymous_4)","decl":{"start":{"line":49,"column":30},"end":{"line":49,"column":31}},"loc":{"start":{"line":49,"column":44},"end":{"line":59,"column":5}},"line":49}},"branchMap":{},"s":{"0":2,"1":4,"2":4,"3":1,"4":1,"5":0,"6":0,"7":4,"8":1,"9":1,"10":0,"11":0,"12":4,"13":1,"14":1,"15":0,"16":0,"17":4,"18":1,"19":1,"20":0,"21":0,"22":4},"f":{"0":4,"1":1,"2":1,"3":1,"4":1},"b":{},"_coverageSchema":"1a1c01bbd47fc00a2c39e90264f33305004495a9","hash":"d35b16e04ef7ede1677b7bb4a9d7a4f78e693f0d"}
,"D:\\work\\enigma\\materi\\smm\\expo-todo-list\\src\\shared\\assets\\images\\enigma.png": {"path":"D:\\work\\enigma\\materi\\smm\\expo-todo-list\\src\\shared\\assets\\images\\enigma.png","statementMap":{"0":{"start":{"line":1,"column":0},"end":{"line":1,"column":19}}},"fnMap":{},"branchMap":{},"s":{"0":1},"f":{},"b":{},"_coverageSchema":"1a1c01bbd47fc00a2c39e90264f33305004495a9","hash":"e9e87fe1fa8ab85b5f997b07734b5f87da12a7fe"}
,"D:\\work\\enigma\\materi\\smm\\expo-todo-list\\src\\shared\\assets\\images\\index.js": {"path":"D:\\work\\enigma\\materi\\smm\\expo-todo-list\\src\\shared\\assets\\images\\index.js","statementMap":{},"fnMap":{},"branchMap":{},"s":{},"f":{},"b":{},"_coverageSchema":"1a1c01bbd47fc00a2c39e90264f33305004495a9","hash":"b7e98488493176dbd68c810b8fcec0dde9502cc4"}
,"D:\\work\\enigma\\materi\\smm\\expo-todo-list\\src\\shared\\components\\EmptyState.js": {"path":"D:\\work\\enigma\\materi\\smm\\expo-todo-list\\src\\shared\\components\\EmptyState.js","statementMap":{"0":{"start":{"line":3,"column":19},"end":{"line":9,"column":1}},"1":{"start":{"line":4,"column":4},"end":{"line":8,"column":5}},"2":{"start":{"line":11,"column":15},"end":{"line":21,"column":2}}},"fnMap":{"0":{"name":"(anonymous_0)","decl":{"start":{"line":3,"column":19},"end":{"line":3,"column":20}},"loc":{"start":{"line":3,"column":31},"end":{"line":9,"column":1}},"line":3}},"branchMap":{},"s":{"0":3,"1":4,"2":3},"f":{"0":4},"b":{},"_coverageSchema":"1a1c01bbd47fc00a2c39e90264f33305004495a9","hash":"fc7be6378281d699a97f77b0f112ddc544aaaac3"}
,"D:\\work\\enigma\\materi\\smm\\expo-todo-list\\src\\shared\\components\\Heading.js": {"path":"D:\\work\\enigma\\materi\\smm\\expo-todo-list\\src\\shared\\components\\Heading.js","statementMap":{"0":{"start":{"line":4,"column":16},"end":{"line":10,"column":1}},"1":{"start":{"line":5,"column":4},"end":{"line":9,"column":11}},"2":{"start":{"line":12,"column":15},"end":{"line":22,"column":2}}},"fnMap":{"0":{"name":"(anonymous_0)","decl":{"start":{"line":4,"column":16},"end":{"line":4,"column":17}},"loc":{"start":{"line":5,"column":4},"end":{"line":9,"column":11}},"line":5}},"branchMap":{},"s":{"0":3,"1":3,"2":3},"f":{"0":3},"b":{},"_coverageSchema":"1a1c01bbd47fc00a2c39e90264f33305004495a9","hash":"445eaf6deaae3698ead9f56fb66a7e675428266e"}
,"D:\\work\\enigma\\materi\\smm\\expo-todo-list\\src\\shared\\components\\Input.js": {"path":"D:\\work\\enigma\\materi\\smm\\expo-todo-list\\src\\shared\\components\\Input.js","statementMap":{"0":{"start":{"line":4,"column":14},"end":{"line":14,"column":12}},"1":{"start":{"line":5,"column":4},"end":{"line":14,"column":11}},"2":{"start":{"line":16,"column":15},"end":{"line":35,"column":2}}},"fnMap":{"0":{"name":"(anonymous_0)","decl":{"start":{"line":4,"column":14},"end":{"line":4,"column":15}},"loc":{"start":{"line":5,"column":4},"end":{"line":14,"column":11}},"line":5}},"branchMap":{},"s":{"0":4,"1":9,"2":4},"f":{"0":9},"b":{},"_coverageSchema":"1a1c01bbd47fc00a2c39e90264f33305004495a9","hash":"08fc3dd2e5a6e82a991b0c72f4a8f93f35b5a805"}
,"D:\\work\\enigma\\materi\\smm\\expo-todo-list\\src\\shared\\components\\Loading.js": {"path":"D:\\work\\enigma\\materi\\smm\\expo-todo-list\\src\\shared\\components\\Loading.js","statementMap":{"0":{"start":{"line":5,"column":16},"end":{"line":13,"column":1}},"1":{"start":{"line":6,"column":22},"end":{"line":6,"column":72}},"2":{"start":{"line":6,"column":45},"end":{"line":6,"column":71}},"3":{"start":{"line":7,"column":4},"end":{"line":12,"column":17}},"4":{"start":{"line":15,"column":15},"end":{"line":28,"column":2}}},"fnMap":{"0":{"name":"(anonymous_0)","decl":{"start":{"line":5,"column":16},"end":{"line":5,"column":17}},"loc":{"start":{"line":5,"column":22},"end":{"line":13,"column":1}},"line":5},"1":{"name":"(anonymous_1)","decl":{"start":{"line":6,"column":34},"end":{"line":6,"column":35}},"loc":{"start":{"line":6,"column":45},"end":{"line":6,"column":71}},"line":6}},"branchMap":{"0":{"loc":{"start":{"line":7,"column":11},"end":{"line":12,"column":17}},"type":"cond-expr","locations":[{"start":{"line":8,"column":8},"end":{"line":11,"column":15}},{"start":{"line":12,"column":9},"end":{"line":12,"column":16}}],"line":7}},"s":{"0":1,"1":2,"2":0,"3":2,"4":1},"f":{"0":2,"1":0},"b":{"0":[1,1]},"_coverageSchema":"1a1c01bbd47fc00a2c39e90264f33305004495a9","hash":"111f5f5f90ff04d6e39ea21060b4141421f49a15"}
,"D:\\work\\enigma\\materi\\smm\\expo-todo-list\\src\\shared\\components\\MessageBox.js": {"path":"D:\\work\\enigma\\materi\\smm\\expo-todo-list\\src\\shared\\components\\MessageBox.js","statementMap":{"0":{"start":{"line":4,"column":19},"end":{"line":17,"column":1}},"1":{"start":{"line":5,"column":22},"end":{"line":13,"column":5}},"2":{"start":{"line":6,"column":8},"end":{"line":12,"column":10}},"3":{"start":{"line":10,"column":44},"end":{"line":10,"column":56}},"4":{"start":{"line":14,"column":4},"end":{"line":16,"column":5}}},"fnMap":{"0":{"name":"(anonymous_0)","decl":{"start":{"line":4,"column":19},"end":{"line":4,"column":20}},"loc":{"start":{"line":4,"column":51},"end":{"line":17,"column":1}},"line":4},"1":{"name":"(anonymous_1)","decl":{"start":{"line":5,"column":22},"end":{"line":5,"column":23}},"loc":{"start":{"line":5,"column":28},"end":{"line":13,"column":5}},"line":5},"2":{"name":"(anonymous_2)","decl":{"start":{"line":10,"column":38},"end":{"line":10,"column":39}},"loc":{"start":{"line":10,"column":44},"end":{"line":10,"column":56}},"line":10}},"branchMap":{},"s":{"0":3,"1":1,"2":1,"3":0,"4":1},"f":{"0":1,"1":1,"2":0},"b":{},"_coverageSchema":"1a1c01bbd47fc00a2c39e90264f33305004495a9","hash":"a3402128781fba950f949aab7541480587e27945"}
,"D:\\work\\enigma\\materi\\smm\\expo-todo-list\\src\\shared\\components\\PopupMenu.js": {"path":"D:\\work\\enigma\\materi\\smm\\expo-todo-list\\src\\shared\\components\\PopupMenu.js","statementMap":{"0":{"start":{"line":10,"column":18},"end":{"line":58,"column":1}},"1":{"start":{"line":11,"column":21},"end":{"line":11,"column":34}},"2":{"start":{"line":12,"column":23},"end":{"line":12,"column":76}},"3":{"start":{"line":12,"column":46},"end":{"line":12,"column":75}},"4":{"start":{"line":13,"column":44},"end":{"line":13,"column":59}},"5":{"start":{"line":14,"column":4},"end":{"line":18,"column":6}},"6":{"start":{"line":15,"column":8},"end":{"line":17,"column":9}},"7":{"start":{"line":16,"column":12},"end":{"line":16,"column":43}},"8":{"start":{"line":19,"column":4},"end":{"line":57,"column":5}},"9":{"start":{"line":24,"column":31},"end":{"line":24,"column":61}},"10":{"start":{"line":33,"column":20},"end":{"line":33,"column":51}},"11":{"start":{"line":39,"column":24},"end":{"line":39,"column":46}},"12":{"start":{"line":46,"column":36},"end":{"line":46,"column":76}},"13":{"start":{"line":47,"column":36},"end":{"line":47,"column":55}},"14":{"start":{"line":60,"column":15},"end":{"line":85,"column":2}}},"fnMap":{"0":{"name":"(anonymous_0)","decl":{"start":{"line":10,"column":18},"end":{"line":10,"column":19}},"loc":{"start":{"line":10,"column":36},"end":{"line":58,"column":1}},"line":10},"1":{"name":"(anonymous_1)","decl":{"start":{"line":12,"column":35},"end":{"line":12,"column":36}},"loc":{"start":{"line":12,"column":46},"end":{"line":12,"column":75}},"line":12},"2":{"name":"(anonymous_2)","decl":{"start":{"line":14,"column":14},"end":{"line":14,"column":15}},"loc":{"start":{"line":14,"column":20},"end":{"line":18,"column":5}},"line":14},"3":{"name":"(anonymous_3)","decl":{"start":{"line":24,"column":25},"end":{"line":24,"column":26}},"loc":{"start":{"line":24,"column":31},"end":{"line":24,"column":61}},"line":24},"4":{"name":"(anonymous_4)","decl":{"start":{"line":32,"column":32},"end":{"line":32,"column":33}},"loc":{"start":{"line":32,"column":38},"end":{"line":34,"column":17}},"line":32},"5":{"name":"(anonymous_5)","decl":{"start":{"line":38,"column":32},"end":{"line":38,"column":33}},"loc":{"start":{"line":38,"column":38},"end":{"line":40,"column":21}},"line":38},"6":{"name":"(anonymous_6)","decl":{"start":{"line":45,"column":52},"end":{"line":45,"column":53}},"loc":{"start":{"line":45,"column":64},"end":{"line":48,"column":33}},"line":45}},"branchMap":{"0":{"loc":{"start":{"line":15,"column":8},"end":{"line":17,"column":9}},"type":"if","locations":[{"start":{"line":15,"column":8},"end":{"line":17,"column":9}},{"start":{},"end":{}}],"line":15}},"s":{"0":2,"1":1,"2":1,"3":0,"4":1,"5":1,"6":1,"7":1,"8":1,"9":0,"10":0,"11":0,"12":0,"13":0,"14":2},"f":{"0":1,"1":0,"2":1,"3":0,"4":0,"5":0,"6":0},"b":{"0":[1,0]},"_coverageSchema":"1a1c01bbd47fc00a2c39e90264f33305004495a9","hash":"ae8cc00b3da1912243606b1bc83215b1d4904201"}
,"D:\\work\\enigma\\materi\\smm\\expo-todo-list\\src\\shared\\components\\SubmitButton.js": {"path":"D:\\work\\enigma\\materi\\smm\\expo-todo-list\\src\\shared\\components\\SubmitButton.js","statementMap":{"0":{"start":{"line":4,"column":21},"end":{"line":15,"column":1}},"1":{"start":{"line":5,"column":4},"end":{"line":14,"column":11}},"2":{"start":{"line":16,"column":15},"end":{"line":36,"column":2}}},"fnMap":{"0":{"name":"(anonymous_0)","decl":{"start":{"line":4,"column":21},"end":{"line":4,"column":22}},"loc":{"start":{"line":5,"column":4},"end":{"line":14,"column":11}},"line":5}},"branchMap":{"0":{"loc":{"start":{"line":4,"column":23},"end":{"line":4,"column":39}},"type":"default-arg","locations":[{"start":{"line":4,"column":31},"end":{"line":4,"column":39}}],"line":4}},"s":{"0":4,"1":7,"2":4},"f":{"0":7},"b":{"0":[3]},"_coverageSchema":"1a1c01bbd47fc00a2c39e90264f33305004495a9","hash":"db9c762507d77ecf1f70b2926fee7dc39961c5d8"}
,"D:\\work\\enigma\\materi\\smm\\expo-todo-list\\src\\shared\\components\\TabBarItem.js": {"path":"D:\\work\\enigma\\materi\\smm\\expo-todo-list\\src\\shared\\components\\TabBarItem.js","statementMap":{"0":{"start":{"line":4,"column":19},"end":{"line":16,"column":1}},"1":{"start":{"line":5,"column":4},"end":{"line":15,"column":25}},"2":{"start":{"line":7,"column":23},"end":{"line":7,"column":37}},"3":{"start":{"line":17,"column":15},"end":{"line":36,"column":2}}},"fnMap":{"0":{"name":"(anonymous_0)","decl":{"start":{"line":4,"column":19},"end":{"line":4,"column":20}},"loc":{"start":{"line":5,"column":4},"end":{"line":15,"column":25}},"line":5},"1":{"name":"(anonymous_1)","decl":{"start":{"line":7,"column":17},"end":{"line":7,"column":18}},"loc":{"start":{"line":7,"column":23},"end":{"line":7,"column":37}},"line":7}},"branchMap":{"0":{"loc":{"start":{"line":9,"column":25},"end":{"line":9,"column":58}},"type":"cond-expr","locations":[{"start":{"line":9,"column":36},"end":{"line":9,"column":51}},{"start":{"line":9,"column":54},"end":{"line":9,"column":58}}],"line":9},"1":{"loc":{"start":{"line":10,"column":12},"end":{"line":10,"column":41}},"type":"cond-expr","locations":[{"start":{"line":10,"column":21},"end":{"line":10,"column":34}},{"start":{"line":10,"column":37},"end":{"line":10,"column":41}}],"line":10},"2":{"loc":{"start":{"line":11,"column":12},"end":{"line":11,"column":51}},"type":"cond-expr","locations":[{"start":{"line":11,"column":29},"end":{"line":11,"column":44}},{"start":{"line":11,"column":47},"end":{"line":11,"column":51}}],"line":11},"3":{"loc":{"start":{"line":12,"column":39},"end":{"line":12,"column":74}},"type":"cond-expr","locations":[{"start":{"line":12,"column":56},"end":{"line":12,"column":67}},{"start":{"line":12,"column":70},"end":{"line":12,"column":74}}],"line":12}},"s":{"0":4,"1":19,"2":2,"3":4},"f":{"0":19,"1":2},"b":{"0":[1,18],"1":[17,2],"2":[3,16],"3":[3,16]},"_coverageSchema":"1a1c01bbd47fc00a2c39e90264f33305004495a9","hash":"d07708bd41d1d582ea62e36a42f6cb78899293c2"}
,"D:\\work\\enigma\\materi\\smm\\expo-todo-list\\src\\shared\\components\\ToDoButton.js": {"path":"D:\\work\\enigma\\materi\\smm\\expo-todo-list\\src\\shared\\components\\ToDoButton.js","statementMap":{"0":{"start":{"line":5,"column":19},"end":{"line":19,"column":1}},"1":{"start":{"line":6,"column":4},"end":{"line":18,"column":25}},"2":{"start":{"line":20,"column":15},"end":{"line":40,"column":2}}},"fnMap":{"0":{"name":"(anonymous_0)","decl":{"start":{"line":5,"column":19},"end":{"line":5,"column":20}},"loc":{"start":{"line":6,"column":4},"end":{"line":18,"column":25}},"line":6}},"branchMap":{"0":{"loc":{"start":{"line":16,"column":20},"end":{"line":16,"column":66}},"type":"cond-expr","locations":[{"start":{"line":16,"column":40},"end":{"line":16,"column":49}},{"start":{"line":16,"column":52},"end":{"line":16,"column":66}}],"line":16},"1":{"loc":{"start":{"line":17,"column":21},"end":{"line":17,"column":90}},"type":"cond-expr","locations":[{"start":{"line":17,"column":41},"end":{"line":17,"column":66}},{"start":{"line":17,"column":69},"end":{"line":17,"column":90}}],"line":17}},"s":{"0":4,"1":8,"2":4},"f":{"0":8},"b":{"0":[4,4],"1":[4,4]},"_coverageSchema":"1a1c01bbd47fc00a2c39e90264f33305004495a9","hash":"4eef637f54372305b5b30f6a0fc3c9e4860b597d"}
,"D:\\work\\enigma\\materi\\smm\\expo-todo-list\\src\\shared\\context\\DependencyContext.js": {"path":"D:\\work\\enigma\\materi\\smm\\expo-todo-list\\src\\shared\\context\\DependencyContext.js","statementMap":{"0":{"start":{"line":3,"column":20},"end":{"line":3,"column":37}},"1":{"start":{"line":6,"column":23},"end":{"line":8,"column":1}},"2":{"start":{"line":7,"column":4},"end":{"line":7,"column":35}},"3":{"start":{"line":11,"column":20},"end":{"line":17,"column":1}},"4":{"start":{"line":12,"column":4},"end":{"line":16,"column":5}}},"fnMap":{"0":{"name":"(anonymous_0)","decl":{"start":{"line":6,"column":23},"end":{"line":6,"column":24}},"loc":{"start":{"line":6,"column":29},"end":{"line":8,"column":1}},"line":6},"1":{"name":"(anonymous_1)","decl":{"start":{"line":11,"column":20},"end":{"line":11,"column":21}},"loc":{"start":{"line":11,"column":46},"end":{"line":17,"column":1}},"line":11}},"branchMap":{},"s":{"0":2,"1":2,"2":1,"3":2,"4":1},"f":{"0":1,"1":1},"b":{},"_coverageSchema":"1a1c01bbd47fc00a2c39e90264f33305004495a9","hash":"5db33b6976ecea7cb9770dbd1e8270d58bcb9c4d"}
,"D:\\work\\enigma\\materi\\smm\\expo-todo-list\\src\\shared\\store\\app\\AppAction.js": {"path":"D:\\work\\enigma\\materi\\smm\\expo-todo-list\\src\\shared\\store\\app\\AppAction.js","statementMap":{"0":{"start":{"line":4,"column":4},"end":{"line":7,"column":5}},"1":{"start":{"line":11,"column":4},"end":{"line":14,"column":5}},"2":{"start":{"line":18,"column":4},"end":{"line":21,"column":5}}},"fnMap":{"0":{"name":"showLoading","decl":{"start":{"line":3,"column":16},"end":{"line":3,"column":27}},"loc":{"start":{"line":3,"column":37},"end":{"line":8,"column":1}},"line":3},"1":{"name":"showError","decl":{"start":{"line":10,"column":16},"end":{"line":10,"column":25}},"loc":{"start":{"line":10,"column":40},"end":{"line":15,"column":1}},"line":10},"2":{"name":"shouldRefetch","decl":{"start":{"line":17,"column":16},"end":{"line":17,"column":29}},"loc":{"start":{"line":17,"column":47},"end":{"line":22,"column":1}},"line":17}},"branchMap":{},"s":{"0":1,"1":1,"2":1},"f":{"0":1,"1":1,"2":1},"b":{},"_coverageSchema":"1a1c01bbd47fc00a2c39e90264f33305004495a9","hash":"ea229604732ed6a2195c9618320383436bc9b323"}
,"D:\\work\\enigma\\materi\\smm\\expo-todo-list\\src\\shared\\store\\app\\AppReducer.js": {"path":"D:\\work\\enigma\\materi\\smm\\expo-todo-list\\src\\shared\\store\\app\\AppReducer.js","statementMap":{"0":{"start":{"line":3,"column":21},"end":{"line":7,"column":1}},"1":{"start":{"line":9,"column":19},"end":{"line":32,"column":1}},"2":{"start":{"line":10,"column":4},"end":{"line":31,"column":5}},"3":{"start":{"line":12,"column":12},"end":{"line":15,"column":14}},"4":{"start":{"line":18,"column":12},"end":{"line":21,"column":14}},"5":{"start":{"line":24,"column":12},"end":{"line":27,"column":13}},"6":{"start":{"line":30,"column":12},"end":{"line":30,"column":25}}},"fnMap":{"0":{"name":"(anonymous_0)","decl":{"start":{"line":9,"column":19},"end":{"line":9,"column":20}},"loc":{"start":{"line":9,"column":53},"end":{"line":32,"column":1}},"line":9}},"branchMap":{"0":{"loc":{"start":{"line":9,"column":20},"end":{"line":9,"column":40}},"type":"default-arg","locations":[{"start":{"line":9,"column":28},"end":{"line":9,"column":40}}],"line":9},"1":{"loc":{"start":{"line":10,"column":4},"end":{"line":31,"column":5}},"type":"switch","locations":[{"start":{"line":11,"column":8},"end":{"line":16,"column":9}},{"start":{"line":17,"column":8},"end":{"line":22,"column":9}},{"start":{"line":23,"column":8},"end":{"line":28,"column":9}},{"start":{"line":29,"column":8},"end":{"line":30,"column":25}}],"line":10}},"s":{"0":1,"1":1,"2":3,"3":1,"4":1,"5":1,"6":0},"f":{"0":3},"b":{"0":[3],"1":[1,1,1,0]},"_coverageSchema":"1a1c01bbd47fc00a2c39e90264f33305004495a9","hash":"461d24a456da2255e70d313dd73338ce834d7958"}
,"D:\\work\\enigma\\materi\\smm\\expo-todo-list\\src\\shared\\store\\login\\LoginAction.js": {"path":"D:\\work\\enigma\\materi\\smm\\expo-todo-list\\src\\shared\\store\\login\\LoginAction.js","statementMap":{"0":{"start":{"line":4,"column":4},"end":{"line":7,"column":5}},"1":{"start":{"line":11,"column":4},"end":{"line":13,"column":5}}},"fnMap":{"0":{"name":"login","decl":{"start":{"line":3,"column":16},"end":{"line":3,"column":21}},"loc":{"start":{"line":3,"column":33},"end":{"line":8,"column":1}},"line":3},"1":{"name":"logout","decl":{"start":{"line":10,"column":16},"end":{"line":10,"column":22}},"loc":{"start":{"line":10,"column":25},"end":{"line":14,"column":1}},"line":10}},"branchMap":{},"s":{"0":1,"1":1},"f":{"0":1,"1":1},"b":{},"_coverageSchema":"1a1c01bbd47fc00a2c39e90264f33305004495a9","hash":"a306b102d1f65a2e5617ba8398ecda58ebd26f33"}
,"D:\\work\\enigma\\materi\\smm\\expo-todo-list\\src\\shared\\store\\login\\LoginReducer.js": {"path":"D:\\work\\enigma\\materi\\smm\\expo-todo-list\\src\\shared\\store\\login\\LoginReducer.js","statementMap":{"0":{"start":{"line":3,"column":21},"end":{"line":6,"column":1}},"1":{"start":{"line":8,"column":21},"end":{"line":25,"column":1}},"2":{"start":{"line":9,"column":4},"end":{"line":24,"column":5}},"3":{"start":{"line":11,"column":12},"end":{"line":14,"column":13}},"4":{"start":{"line":17,"column":12},"end":{"line":20,"column":14}},"5":{"start":{"line":23,"column":12},"end":{"line":23,"column":25}}},"fnMap":{"0":{"name":"(anonymous_0)","decl":{"start":{"line":8,"column":21},"end":{"line":8,"column":22}},"loc":{"start":{"line":8,"column":55},"end":{"line":25,"column":1}},"line":8}},"branchMap":{"0":{"loc":{"start":{"line":8,"column":22},"end":{"line":8,"column":42}},"type":"default-arg","locations":[{"start":{"line":8,"column":30},"end":{"line":8,"column":42}}],"line":8},"1":{"loc":{"start":{"line":9,"column":4},"end":{"line":24,"column":5}},"type":"switch","locations":[{"start":{"line":10,"column":8},"end":{"line":15,"column":9}},{"start":{"line":16,"column":8},"end":{"line":21,"column":9}},{"start":{"line":22,"column":8},"end":{"line":23,"column":25}}],"line":9}},"s":{"0":1,"1":1,"2":2,"3":1,"4":1,"5":0},"f":{"0":2},"b":{"0":[2],"1":[1,1,0]},"_coverageSchema":"1a1c01bbd47fc00a2c39e90264f33305004495a9","hash":"63f19ec9edd60c8f119db799c90432cebea10d91"}
,"D:\\work\\enigma\\materi\\smm\\expo-todo-list\\src\\shared\\store\\todo\\ToDoAction.js": {"path":"D:\\work\\enigma\\materi\\smm\\expo-todo-list\\src\\shared\\store\\todo\\ToDoAction.js","statementMap":{"0":{"start":{"line":7,"column":4},"end":{"line":10,"column":5}},"1":{"start":{"line":14,"column":4},"end":{"line":17,"column":5}}},"fnMap":{"0":{"name":"setTodo","decl":{"start":{"line":6,"column":16},"end":{"line":6,"column":23}},"loc":{"start":{"line":6,"column":31},"end":{"line":11,"column":1}},"line":6},"1":{"name":"changeType","decl":{"start":{"line":13,"column":16},"end":{"line":13,"column":26}},"loc":{"start":{"line":13,"column":33},"end":{"line":18,"column":1}},"line":13}},"branchMap":{},"s":{"0":1,"1":1},"f":{"0":1,"1":1},"b":{},"_coverageSchema":"1a1c01bbd47fc00a2c39e90264f33305004495a9","hash":"4b34004de106f71cf4b736cf3f1b7fea34d3c367"}
,"D:\\work\\enigma\\materi\\smm\\expo-todo-list\\src\\shared\\store\\todo\\ToDoReducer.js": {"path":"D:\\work\\enigma\\materi\\smm\\expo-todo-list\\src\\shared\\store\\todo\\ToDoReducer.js","statementMap":{"0":{"start":{"line":6,"column":21},"end":{"line":9,"column":1}},"1":{"start":{"line":10,"column":20},"end":{"line":27,"column":1}},"2":{"start":{"line":11,"column":4},"end":{"line":26,"column":5}},"3":{"start":{"line":13,"column":12},"end":{"line":16,"column":14}},"4":{"start":{"line":19,"column":12},"end":{"line":22,"column":14}},"5":{"start":{"line":25,"column":12},"end":{"line":25,"column":25}}},"fnMap":{"0":{"name":"(anonymous_0)","decl":{"start":{"line":10,"column":20},"end":{"line":10,"column":21}},"loc":{"start":{"line":10,"column":54},"end":{"line":27,"column":1}},"line":10}},"branchMap":{"0":{"loc":{"start":{"line":10,"column":21},"end":{"line":10,"column":41}},"type":"default-arg","locations":[{"start":{"line":10,"column":29},"end":{"line":10,"column":41}}],"line":10},"1":{"loc":{"start":{"line":11,"column":4},"end":{"line":26,"column":5}},"type":"switch","locations":[{"start":{"line":12,"column":8},"end":{"line":17,"column":9}},{"start":{"line":18,"column":8},"end":{"line":23,"column":9}},{"start":{"line":24,"column":8},"end":{"line":25,"column":25}}],"line":11}},"s":{"0":1,"1":1,"2":2,"3":1,"4":1,"5":0},"f":{"0":2},"b":{"0":[2],"1":[1,1,0]},"_coverageSchema":"1a1c01bbd47fc00a2c39e90264f33305004495a9","hash":"bd3315548d0a8871f5b5eb0628ca5e66571748d7"}
,"D:\\work\\enigma\\materi\\smm\\expo-todo-list\\src\\shared\\utils\\AppError.js": {"path":"D:\\work\\enigma\\materi\\smm\\expo-todo-list\\src\\shared\\utils\\AppError.js","statementMap":{"0":{"start":{"line":3,"column":8},"end":{"line":3,"column":23}},"1":{"start":{"line":4,"column":8},"end":{"line":4,"column":38}},"2":{"start":{"line":10,"column":8},"end":{"line":10,"column":23}},"3":{"start":{"line":11,"column":8},"end":{"line":11,"column":40}},"4":{"start":{"line":17,"column":8},"end":{"line":17,"column":23}},"5":{"start":{"line":18,"column":8},"end":{"line":18,"column":37}},"6":{"start":{"line":25,"column":8},"end":{"line":25,"column":23}},"7":{"start":{"line":26,"column":8},"end":{"line":26,"column":34}}},"fnMap":{"0":{"name":"(anonymous_0)","decl":{"start":{"line":2,"column":4},"end":{"line":2,"column":5}},"loc":{"start":{"line":2,"column":25},"end":{"line":5,"column":5}},"line":2},"1":{"name":"(anonymous_1)","decl":{"start":{"line":9,"column":4},"end":{"line":9,"column":5}},"loc":{"start":{"line":9,"column":25},"end":{"line":12,"column":5}},"line":9},"2":{"name":"(anonymous_2)","decl":{"start":{"line":16,"column":4},"end":{"line":16,"column":5}},"loc":{"start":{"line":16,"column":25},"end":{"line":19,"column":5}},"line":16},"3":{"name":"(anonymous_3)","decl":{"start":{"line":24,"column":4},"end":{"line":24,"column":5}},"loc":{"start":{"line":24,"column":25},"end":{"line":27,"column":5}},"line":24}},"branchMap":{},"s":{"0":1,"1":1,"2":1,"3":1,"4":0,"5":0,"6":1,"7":1},"f":{"0":1,"1":1,"2":0,"3":1},"b":{},"_coverageSchema":"1a1c01bbd47fc00a2c39e90264f33305004495a9","hash":"a1e163cea84b9927aa6ddd6b2f4bc98719cb39ce"}
,"D:\\work\\enigma\\materi\\smm\\expo-todo-list\\src\\shared\\utils\\LocalStorage.js": {"path":"D:\\work\\enigma\\materi\\smm\\expo-todo-list\\src\\shared\\utils\\LocalStorage.js","statementMap":{"0":{"start":{"line":3,"column":21},"end":{"line":31,"column":1}},"1":{"start":{"line":4,"column":20},"end":{"line":9,"column":5}},"2":{"start":{"line":5,"column":8},"end":{"line":8,"column":9}},"3":{"start":{"line":6,"column":12},"end":{"line":6,"column":51}},"4":{"start":{"line":10,"column":20},"end":{"line":18,"column":5}},"5":{"start":{"line":11,"column":8},"end":{"line":17,"column":9}},"6":{"start":{"line":12,"column":26},"end":{"line":12,"column":57}},"7":{"start":{"line":13,"column":12},"end":{"line":15,"column":13}},"8":{"start":{"line":14,"column":16},"end":{"line":14,"column":28}},"9":{"start":{"line":20,"column":23},"end":{"line":26,"column":5}},"10":{"start":{"line":21,"column":8},"end":{"line":25,"column":9}},"11":{"start":{"line":22,"column":12},"end":{"line":22,"column":46}},"12":{"start":{"line":28,"column":4},"end":{"line":30,"column":5}}},"fnMap":{"0":{"name":"(anonymous_0)","decl":{"start":{"line":3,"column":21},"end":{"line":3,"column":22}},"loc":{"start":{"line":3,"column":27},"end":{"line":31,"column":1}},"line":3},"1":{"name":"(anonymous_1)","decl":{"start":{"line":4,"column":20},"end":{"line":4,"column":21}},"loc":{"start":{"line":4,"column":42},"end":{"line":9,"column":5}},"line":4},"2":{"name":"(anonymous_2)","decl":{"start":{"line":10,"column":20},"end":{"line":10,"column":21}},"loc":{"start":{"line":10,"column":35},"end":{"line":18,"column":5}},"line":10},"3":{"name":"(anonymous_3)","decl":{"start":{"line":20,"column":23},"end":{"line":20,"column":24}},"loc":{"start":{"line":20,"column":38},"end":{"line":26,"column":5}},"line":20}},"branchMap":{"0":{"loc":{"start":{"line":13,"column":12},"end":{"line":15,"column":13}},"type":"if","locations":[{"start":{"line":13,"column":12},"end":{"line":15,"column":13}},{"start":{},"end":{}}],"line":13}},"s":{"0":3,"1":3,"2":1,"3":1,"4":3,"5":1,"6":1,"7":1,"8":1,"9":3,"10":1,"11":1,"12":3},"f":{"0":3,"1":1,"2":1,"3":1},"b":{"0":[1,0]},"_coverageSchema":"1a1c01bbd47fc00a2c39e90264f33305004495a9","hash":"0a2b4f72ccd88fd5ba28881d8efdba933912559b"}
,"D:\\work\\enigma\\materi\\smm\\expo-todo-list\\src\\shared\\utils\\constants.js": {"path":"D:\\work\\enigma\\materi\\smm\\expo-todo-list\\src\\shared\\utils\\constants.js","statementMap":{"0":{"start":{"line":1,"column":28},"end":{"line":1,"column":42}},"1":{"start":{"line":2,"column":26},"end":{"line":2,"column":38}},"2":{"start":{"line":3,"column":30},"end":{"line":3,"column":46}},"3":{"start":{"line":4,"column":27},"end":{"line":4,"column":40}},"4":{"start":{"line":5,"column":24},"end":{"line":5,"column":34}},"5":{"start":{"line":6,"column":21},"end":{"line":6,"column":28}},"6":{"start":{"line":7,"column":22},"end":{"line":7,"column":30}}},"fnMap":{},"branchMap":{},"s":{"0":9,"1":9,"2":9,"3":9,"4":9,"5":9,"6":9},"f":{},"b":{},"_coverageSchema":"1a1c01bbd47fc00a2c39e90264f33305004495a9","hash":"c368a14860a276a4959800b3dd7b63c6f3429427"}
}
