TN:
SF:src\navigation\NavigationHelper.js
FN:3,goToScreen
FNF:1
FNH:1
FNDA:1,goToScreen
DA:4,1
LF:1
LH:1
BRF:0
BRH:0
end_of_record
TN:
SF:src\navigation\NavigationPath.js
FNF:0
FNH:0
DA:1,4
DA:2,4
DA:3,4
LF:3
LH:3
BRF:0
BRH:0
end_of_record
TN:
SF:src\navigation\RootNavigation.js
FN:5,navigate
FNF:1
FNH:1
FNDA:2,navigate
DA:3,2
DA:6,2
DA:7,2
DA:8,1
DA:10,1
LF:5
LH:5
BRDA:5,0,0,0
BRDA:6,1,0,2
BRDA:6,1,1,0
BRDA:7,2,0,1
BRDA:7,2,1,1
BRF:5
BRH:3
end_of_record
TN:
SF:src\navigation\RootNavigator.js
FN:18,(anonymous_0)
FN:23,(anonymous_1)
FN:23,(anonymous_2)
FN:26,(anonymous_3)
FN:31,(anonymous_4)
FN:35,(anonymous_5)
FN:35,(anonymous_6)
FNF:7
FNH:1
FNDA:1,(anonymous_0)
FNDA:0,(anonymous_1)
FNDA:0,(anonymous_2)
FNDA:0,(anonymous_3)
FNDA:0,(anonymous_4)
FNDA:0,(anonymous_5)
FNDA:0,(anonymous_6)
DA:16,1
DA:18,1
DA:19,1
DA:23,0
DA:26,0
DA:31,0
DA:35,0
LF:7
LH:3
BRF:0
BRH:0
end_of_record
TN:
SF:src\screens\LoginScreen\Login.js
FN:7,(anonymous_0)
FN:10,(anonymous_1)
FN:23,(anonymous_2)
FNF:3
FNH:3
FNDA:1,(anonymous_0)
FNDA:1,(anonymous_1)
FNDA:1,(anonymous_2)
DA:7,2
DA:8,1
DA:9,1
DA:10,1
DA:11,1
DA:12,1
DA:13,1
DA:14,1
DA:15,1
DA:17,0
DA:19,1
DA:23,1
DA:24,1
LF:13
LH:12
BRF:0
BRH:0
end_of_record
TN:
SF:src\screens\LoginScreen\LoginScreen.js
FN:10,(anonymous_0)
FN:15,(anonymous_1)
FN:17,(anonymous_2)
FN:19,(anonymous_3)
FN:23,(anonymous_4)
FNF:5
FNH:2
FNDA:2,(anonymous_0)
FNDA:0,(anonymous_1)
FNDA:2,(anonymous_2)
FNDA:0,(anonymous_3)
FNDA:0,(anonymous_4)
DA:10,2
DA:11,2
DA:13,2
DA:14,2
DA:15,2
DA:17,2
DA:18,2
DA:19,1
DA:23,2
DA:24,0
DA:27,2
DA:41,2
LF:12
LH:11
BRDA:18,0,0,1
BRDA:18,0,1,1
BRF:2
BRH:2
end_of_record
TN:
SF:src\screens\SplashScreen\SplashScreen.js
FN:10,(anonymous_0)
FN:13,(anonymous_1)
FN:14,(anonymous_2)
FNF:3
FNH:3
FNDA:5,(anonymous_0)
FNDA:4,(anonymous_1)
FNDA:3,(anonymous_2)
DA:10,2
DA:11,5
DA:13,5
DA:14,4
DA:15,3
DA:16,3
DA:17,3
DA:18,3
DA:22,4
DA:30,2
LF:10
LH:10
BRDA:16,0,0,2
BRDA:16,0,1,1
BRF:2
BRH:2
end_of_record
TN:
SF:src\screens\TodoScreen\ToDoScreen.js
FN:12,(anonymous_0)
FN:16,(anonymous_1)
FN:17,(anonymous_2)
FN:19,(anonymous_3)
FN:23,(anonymous_4)
FN:31,(anonymous_5)
FN:33,(anonymous_6)
FN:37,(anonymous_7)
FN:41,(anonymous_8)
FN:45,(anonymous_9)
FNF:10
FNH:4
FNDA:3,(anonymous_0)
FNDA:0,(anonymous_1)
FNDA:0,(anonymous_2)
FNDA:0,(anonymous_3)
FNDA:2,(anonymous_4)
FNDA:3,(anonymous_5)
FNDA:0,(anonymous_6)
FNDA:1,(anonymous_7)
FNDA:0,(anonymous_8)
FNDA:0,(anonymous_9)
DA:12,2
DA:13,3
DA:14,3
DA:15,3
DA:16,3
DA:17,3
DA:19,3
DA:20,0
DA:23,3
DA:24,2
DA:25,0
DA:26,0
DA:31,3
DA:32,3
DA:33,0
DA:37,3
DA:38,1
DA:41,3
DA:42,0
DA:45,3
DA:46,0
DA:49,3
DA:63,2
LF:23
LH:17
BRDA:24,0,0,0
BRDA:24,0,1,2
BRDA:32,1,0,0
BRDA:32,1,1,3
BRF:4
BRH:2
end_of_record
TN:
SF:src\screens\TodoScreen\Todo.js
FN:7,(anonymous_0)
FN:11,(anonymous_1)
FN:31,(anonymous_2)
FN:43,(anonymous_3)
FN:55,(anonymous_4)
FN:67,(anonymous_5)
FNF:6
FNH:6
FNDA:1,(anonymous_0)
FNDA:2,(anonymous_1)
FNDA:1,(anonymous_2)
FNDA:1,(anonymous_3)
FNDA:1,(anonymous_4)
FNDA:1,(anonymous_5)
DA:7,2
DA:8,1
DA:9,1
DA:11,1
DA:12,2
DA:13,2
DA:14,2
DA:15,1
DA:17,1
DA:22,1
DA:23,1
DA:25,1
DA:27,2
DA:31,1
DA:32,1
DA:33,1
DA:34,1
DA:35,1
DA:37,0
DA:39,1
DA:43,1
DA:44,1
DA:45,1
DA:46,1
DA:47,1
DA:49,0
DA:51,1
DA:55,1
DA:56,1
DA:57,1
DA:58,1
DA:59,1
DA:61,0
DA:63,1
DA:67,1
DA:68,1
LF:36
LH:33
BRDA:14,0,0,1
BRDA:14,0,1,1
BRF:2
BRH:2
end_of_record
TN:
SF:src\screens\TodoScreen\components\TabBar.js
FN:8,(anonymous_0)
FN:10,(anonymous_1)
FN:12,(anonymous_2)
FNF:3
FNH:2
FNDA:5,(anonymous_0)
FNDA:0,(anonymous_1)
FNDA:1,(anonymous_2)
DA:8,3
DA:9,5
DA:10,5
DA:12,5
DA:13,1
DA:16,5
DA:24,3
LF:7
LH:7
BRF:0
BRH:0
end_of_record
TN:
SF:src\screens\TodoScreen\components\ToDo.js
FN:6,(anonymous_0)
FN:15,(anonymous_1)
FN:18,(anonymous_2)
FNF:3
FNH:3
FNDA:4,(anonymous_0)
FNDA:1,(anonymous_1)
FNDA:1,(anonymous_2)
DA:6,4
DA:7,4
DA:15,1
DA:18,1
DA:24,4
LF:5
LH:5
BRDA:9,0,0,0
BRDA:9,0,1,4
BRF:2
BRH:1
end_of_record
TN:
SF:src\screens\TodoScreen\components\ToDoList.js
FN:8,(anonymous_0)
FN:9,(anonymous_1)
FN:10,(anonymous_2)
FN:12,(anonymous_3)
FN:17,(anonymous_4)
FN:19,(anonymous_5)
FN:26,(anonymous_6)
FN:27,(anonymous_7)
FNF:8
FNH:4
FNDA:5,(anonymous_0)
FNDA:0,(anonymous_1)
FNDA:0,(anonymous_2)
FNDA:5,(anonymous_3)
FNDA:0,(anonymous_4)
FNDA:0,(anonymous_5)
FNDA:1,(anonymous_6)
FNDA:1,(anonymous_7)
DA:8,3
DA:9,5
DA:10,5
DA:12,5
DA:13,5
DA:15,1
DA:17,0
DA:19,0
DA:21,5
DA:23,5
DA:26,1
DA:27,1
LF:12
LH:10
BRDA:13,0,0,1
BRDA:13,0,1,0
BRDA:13,0,2,0
BRDA:28,1,0,1
BRDA:28,1,1,4
BRF:5
BRH:3
end_of_record
TN:
SF:src\services\LoginService.js
FN:4,(anonymous_0)
FN:6,(anonymous_1)
FNF:2
FNH:2
FNDA:1,(anonymous_0)
FNDA:1,(anonymous_1)
DA:4,2
DA:5,1
DA:6,1
DA:7,1
DA:8,1
DA:16,1
DA:17,1
DA:19,0
DA:20,0
DA:23,1
LF:10
LH:8
BRF:0
BRH:0
end_of_record
TN:
SF:src\services\TodoService.js
FN:3,(anonymous_0)
FN:5,(anonymous_1)
FN:21,(anonymous_2)
FN:33,(anonymous_3)
FN:49,(anonymous_4)
FNF:5
FNH:5
FNDA:4,(anonymous_0)
FNDA:1,(anonymous_1)
FNDA:1,(anonymous_2)
FNDA:1,(anonymous_3)
FNDA:1,(anonymous_4)
DA:3,2
DA:4,4
DA:5,4
DA:6,1
DA:7,1
DA:16,0
DA:17,0
DA:21,4
DA:22,1
DA:23,1
DA:28,0
DA:29,0
DA:33,4
DA:34,1
DA:35,1
DA:44,0
DA:45,0
DA:49,4
DA:50,1
DA:51,1
DA:56,0
DA:57,0
DA:61,4
LF:23
LH:15
BRF:0
BRH:0
end_of_record
TN:
SF:src\shared\assets\images\enigma.png
FNF:0
FNH:0
DA:1,1
LF:1
LH:1
BRF:0
BRH:0
end_of_record
TN:
SF:src\shared\assets\images\index.js
FNF:0
FNH:0
LF:0
LH:0
BRF:0
BRH:0
end_of_record
TN:
SF:src\shared\components\EmptyState.js
FN:3,(anonymous_0)
FNF:1
FNH:1
FNDA:4,(anonymous_0)
DA:3,3
DA:4,4
DA:11,3
LF:3
LH:3
BRF:0
BRH:0
end_of_record
TN:
SF:src\shared\components\Heading.js
FN:4,(anonymous_0)
FNF:1
FNH:1
FNDA:3,(anonymous_0)
DA:4,3
DA:5,3
DA:12,3
LF:3
LH:3
BRF:0
BRH:0
end_of_record
TN:
SF:src\shared\components\Input.js
FN:4,(anonymous_0)
FNF:1
FNH:1
FNDA:9,(anonymous_0)
DA:4,4
DA:5,9
DA:16,4
LF:3
LH:3
BRF:0
BRH:0
end_of_record
TN:
SF:src\shared\components\Loading.js
FN:5,(anonymous_0)
FN:6,(anonymous_1)
FNF:2
FNH:1
FNDA:2,(anonymous_0)
FNDA:0,(anonymous_1)
DA:5,1
DA:6,2
DA:7,2
DA:15,1
LF:4
LH:4
BRDA:7,0,0,1
BRDA:7,0,1,1
BRF:2
BRH:2
end_of_record
TN:
SF:src\shared\components\MessageBox.js
FN:4,(anonymous_0)
FN:5,(anonymous_1)
FN:10,(anonymous_2)
FNF:3
FNH:2
FNDA:1,(anonymous_0)
FNDA:1,(anonymous_1)
FNDA:0,(anonymous_2)
DA:4,3
DA:5,1
DA:6,1
DA:10,0
DA:14,1
LF:5
LH:4
BRF:0
BRH:0
end_of_record
TN:
SF:src\shared\components\PopupMenu.js
FN:10,(anonymous_0)
FN:12,(anonymous_1)
FN:14,(anonymous_2)
FN:24,(anonymous_3)
FN:32,(anonymous_4)
FN:38,(anonymous_5)
FN:45,(anonymous_6)
FNF:7
FNH:2
FNDA:1,(anonymous_0)
FNDA:0,(anonymous_1)
FNDA:1,(anonymous_2)
FNDA:0,(anonymous_3)
FNDA:0,(anonymous_4)
FNDA:0,(anonymous_5)
FNDA:0,(anonymous_6)
DA:10,2
DA:11,1
DA:12,1
DA:13,1
DA:14,1
DA:15,1
DA:16,1
DA:19,1
DA:24,0
DA:33,0
DA:39,0
DA:46,0
DA:47,0
DA:60,2
LF:14
LH:9
BRDA:15,0,0,1
BRDA:15,0,1,0
BRF:2
BRH:1
end_of_record
TN:
SF:src\shared\components\SubmitButton.js
FN:4,(anonymous_0)
FNF:1
FNH:1
FNDA:7,(anonymous_0)
DA:4,4
DA:5,7
DA:16,4
LF:3
LH:3
BRDA:4,0,0,3
BRF:1
BRH:1
end_of_record
TN:
SF:src\shared\components\TabBarItem.js
FN:4,(anonymous_0)
FN:7,(anonymous_1)
FNF:2
FNH:2
FNDA:19,(anonymous_0)
FNDA:2,(anonymous_1)
DA:4,4
DA:5,19
DA:7,2
DA:17,4
LF:4
LH:4
BRDA:9,0,0,1
BRDA:9,0,1,18
BRDA:10,1,0,17
BRDA:10,1,1,2
BRDA:11,2,0,3
BRDA:11,2,1,16
BRDA:12,3,0,3
BRDA:12,3,1,16
BRF:8
BRH:8
end_of_record
TN:
SF:src\shared\components\ToDoButton.js
FN:5,(anonymous_0)
FNF:1
FNH:1
FNDA:8,(anonymous_0)
DA:5,4
DA:6,8
DA:20,4
LF:3
LH:3
BRDA:16,0,0,4
BRDA:16,0,1,4
BRDA:17,1,0,4
BRDA:17,1,1,4
BRF:4
BRH:4
end_of_record
TN:
SF:src\shared\context\DependencyContext.js
FN:6,(anonymous_0)
FN:11,(anonymous_1)
FNF:2
FNH:2
FNDA:1,(anonymous_0)
FNDA:1,(anonymous_1)
DA:3,2
DA:6,2
DA:7,1
DA:11,2
DA:12,1
LF:5
LH:5
BRF:0
BRH:0
end_of_record
TN:
SF:src\shared\store\app\AppAction.js
FN:3,showLoading
FN:10,showError
FN:17,shouldRefetch
FNF:3
FNH:3
FNDA:1,showLoading
FNDA:1,showError
FNDA:1,shouldRefetch
DA:4,1
DA:11,1
DA:18,1
LF:3
LH:3
BRF:0
BRH:0
end_of_record
TN:
SF:src\shared\store\app\AppReducer.js
FN:9,(anonymous_0)
FNF:1
FNH:1
FNDA:3,(anonymous_0)
DA:3,1
DA:9,1
DA:10,3
DA:12,1
DA:18,1
DA:24,1
DA:30,0
LF:7
LH:6
BRDA:9,0,0,3
BRDA:10,1,0,1
BRDA:10,1,1,1
BRDA:10,1,2,1
BRDA:10,1,3,0
BRF:5
BRH:4
end_of_record
TN:
SF:src\shared\store\login\LoginAction.js
FN:3,login
FN:10,logout
FNF:2
FNH:2
FNDA:1,login
FNDA:1,logout
DA:4,1
DA:11,1
LF:2
LH:2
BRF:0
BRH:0
end_of_record
TN:
SF:src\shared\store\login\LoginReducer.js
FN:8,(anonymous_0)
FNF:1
FNH:1
FNDA:2,(anonymous_0)
DA:3,1
DA:8,1
DA:9,2
DA:11,1
DA:17,1
DA:23,0
LF:6
LH:5
BRDA:8,0,0,2
BRDA:9,1,0,1
BRDA:9,1,1,1
BRDA:9,1,2,0
BRF:4
BRH:3
end_of_record
TN:
SF:src\shared\store\todo\ToDoAction.js
FN:6,setTodo
FN:13,changeType
FNF:2
FNH:2
FNDA:1,setTodo
FNDA:1,changeType
DA:7,1
DA:14,1
LF:2
LH:2
BRF:0
BRH:0
end_of_record
TN:
SF:src\shared\store\todo\ToDoReducer.js
FN:10,(anonymous_0)
FNF:1
FNH:1
FNDA:2,(anonymous_0)
DA:6,1
DA:10,1
DA:11,2
DA:13,1
DA:19,1
DA:25,0
LF:6
LH:5
BRDA:10,0,0,2
BRDA:11,1,0,1
BRDA:11,1,1,1
BRDA:11,1,2,0
BRF:4
BRH:3
end_of_record
TN:
SF:src\shared\utils\AppError.js
FN:2,(anonymous_0)
FN:9,(anonymous_1)
FN:16,(anonymous_2)
FN:24,(anonymous_3)
FNF:4
FNH:3
FNDA:1,(anonymous_0)
FNDA:1,(anonymous_1)
FNDA:0,(anonymous_2)
FNDA:1,(anonymous_3)
DA:3,1
DA:4,1
DA:10,1
DA:11,1
DA:17,0
DA:18,0
DA:25,1
DA:26,1
LF:8
LH:6
BRF:0
BRH:0
end_of_record
TN:
SF:src\shared\utils\LocalStorage.js
FN:3,(anonymous_0)
FN:4,(anonymous_1)
FN:10,(anonymous_2)
FN:20,(anonymous_3)
FNF:4
FNH:4
FNDA:3,(anonymous_0)
FNDA:1,(anonymous_1)
FNDA:1,(anonymous_2)
FNDA:1,(anonymous_3)
DA:3,3
DA:4,3
DA:5,1
DA:6,1
DA:10,3
DA:11,1
DA:12,1
DA:13,1
DA:14,1
DA:20,3
DA:21,1
DA:22,1
DA:28,3
LF:13
LH:13
BRDA:13,0,0,1
BRDA:13,0,1,0
BRF:2
BRH:1
end_of_record
TN:
SF:src\shared\utils\constants.js
FNF:0
FNH:0
DA:1,9
DA:2,9
DA:3,9
DA:4,9
DA:5,9
DA:6,9
DA:7,9
LF:7
LH:7
BRF:0
BRH:0
end_of_record
